#
# A fatal error has been detected by the Java Runtime Environment:
#
#  EXCEPTION_ACCESS_VIOLATION (0xc0000005) at pc=0x000000006e240552, pid=10816, tid=0x00000000000012f8
#
# JRE version: Java(TM) SE Runtime Environment (8.0_281-b09) (build 1.8.0_281-b09)
# Java VM: Java HotSpot(TM) 64-Bit Server VM (25.281-b09 mixed mode windows-amd64 compressed oops)
# Problematic frame:
# V  [jvm.dll+0x100552]
#
# Failed to write core dump. Minidumps are not enabled by default on client versions of Windows
#
# If you would like to submit a bug report, please visit:
#   http://bugreport.java.com/bugreport/crash.jsp
#

---------------  T H R E A D  ---------------

Current thread (0x00000134da2e9000):  VMThread [stack: 0x000000146e500000,0x000000146e600000] [id=4856]

siginfo: ExceptionCode=0xc0000005, reading address 0x00000134d9e53db8

Registers:
RAX=0x00000000001941a0, RBX=0x0000000000000000, RCX=0x00000134d9cbfc08, RDX=0x000000000000ca0d
RSP=0x000000146e5fefd8, RBP=0x000000146e5ff570, RSI=0x000000146e5ff6e0, RDI=0x000000146e5ff6e0
R8 =0x0000000000000000, R9 =0x00000134d9cbeea0, R10=0x00000134bf51b570, R11=0x00000134d9cbf61a
R12=0x00000000000000d0, R13=0x00000134bf5bc898, R14=0x00000000000000b6, R15=0x000000006e140000
RIP=0x000000006e240552, EFLAGS=0x0000000000010206

Top of Stack: (sp=0x000000146e5fefd8)
0x000000146e5fefd8:   000000006e246830 000000076bf6f508
0x000000146e5fefe8:   0000000000000000 000000146e5ff6e0
0x000000146e5feff8:   000000076bf6d138 000000076bf6d0c0
0x000000146e5ff008:   000000076bf6a408 000000006e708118
0x000000146e5ff018:   00000134bf55feb0 0000000000000014
0x000000146e5ff028:   000000070000000c 000000146e5ff050
0x000000146e5ff038:   0000000700000002 00000000460000c7
0x000000146e5ff048:   0000000700000000 4fffffff4fffffff
0x000000146e5ff058:   000000076bf63ca0 000000076bf63460
0x000000146e5ff068:   000000076bf62b88 000000076bf62778
0x000000146e5ff078:   000000076bf623e8 000000076bf61e40
0x000000146e5ff088:   000000076bf616d0 000000076bf612a8
0x000000146e5ff098:   000000076bf60ac0 000000076bf60700
0x000000146e5ff0a8:   000000076bf60330 000000076bf5ff60
0x000000146e5ff0b8:   000000076bf5fb90 000000076bf5f7a8
0x000000146e5ff0c8:   000000076bf5f3b8 000000076bf5efc8 

Instructions: (pc=0x000000006e240552)
0x000000006e240532:   10 0f b7 c8 41 0f bf 44 c9 52 0f b7 c8 41 0f b7
0x000000006e240542:   44 c9 52 49 8b 44 c1 50 c3 48 63 c2 48 c1 e0 05
0x000000006e240552:   48 8b 44 08 10 0f b7 d0 eb 10 49 8b 41 08 48 63
0x000000006e240562:   ca 0f b6 44 08 04 3c 12 74 ca 48 63 c2 41 0f bf 


Register to memory mapping:

RAX=0x00000000001941a0 is an unknown value
RBX=0x0000000000000000 is an unknown value
RCX=0x00000134d9cbfc08 is pointing into metadata
RDX=0x000000000000ca0d is an unknown value
RSP=0x000000146e5fefd8 is an unknown value
RBP=0x000000146e5ff570 is an unknown value
RSI=0x000000146e5ff6e0 is an unknown value
RDI=0x000000146e5ff6e0 is an unknown value
R8 =0x0000000000000000 is an unknown value
R9 =0x00000134d9cbeea0 is pointing into metadata
R10=0x00000134bf51b570 is an unknown value
R11=0x00000134d9cbf61a is pointing into metadata
R12=0x00000000000000d0 is an unknown value
R13=0x00000134bf5bc898 is an unknown value
R14=0x00000000000000b6 is an unknown value
R15=0x000000006e140000 is an unknown value


Stack: [0x000000146e500000,0x000000146e600000],  sp=0x000000146e5fefd8,  free space=1019k
Native frames: (J=compiled Java code, j=interpreted, Vv=VM code, C=native code)
V  [jvm.dll+0x100552]

VM_Operation (0x000000146eaff480): GetOrSetLocal, mode: safepoint, requested by thread 0x00000134da365000


---------------  P R O C E S S  ---------------

Java Threads: ( => current thread )
  0x00000134dcbeb800 JavaThread "Service Thread" daemon [_thread_blocked, id=18400, stack(0x000000146f100000,0x000000146f200000)]
  0x00000134dcbdd000 JavaThread "C1 CompilerThread3" daemon [_thread_blocked, id=12080, stack(0x000000146f000000,0x000000146f100000)]
  0x00000134dcbdc000 JavaThread "C2 CompilerThread2" daemon [_thread_blocked, id=20812, stack(0x000000146ef00000,0x000000146f000000)]
  0x00000134dcbdb800 JavaThread "C2 CompilerThread1" daemon [_thread_blocked, id=18696, stack(0x000000146ee00000,0x000000146ef00000)]
  0x00000134dcbd8800 JavaThread "C2 CompilerThread0" daemon [_thread_blocked, id=13056, stack(0x000000146ed00000,0x000000146ee00000)]
  0x00000134da36e000 JavaThread "JDWP Command Reader" daemon [_thread_in_native, id=18552, stack(0x000000146ec00000,0x000000146ed00000)]
  0x00000134da36b000 JavaThread "JDWP Event Helper Thread" daemon [_thread_blocked, id=15056, stack(0x000000146eb00000,0x000000146ec00000)]
  0x00000134da365000 JavaThread "JDWP Transport Listener: dt_socket" daemon [_thread_blocked, id=19392, stack(0x000000146ea00000,0x000000146eb00000)]
  0x00000134da33b800 JavaThread "Attach Listener" daemon [_thread_blocked, id=5916, stack(0x000000146e900000,0x000000146ea00000)]
  0x00000134da339800 JavaThread "Signal Dispatcher" daemon [_thread_blocked, id=21200, stack(0x000000146e800000,0x000000146e900000)]
  0x00000134da319800 JavaThread "Finalizer" daemon [_thread_blocked, id=7680, stack(0x000000146e700000,0x000000146e800000)]
  0x00000134da2f1000 JavaThread "Reference Handler" daemon [_thread_blocked, id=12768, stack(0x000000146e600000,0x000000146e700000)]
  0x00000134bf508800 JavaThread "main" [_thread_blocked, id=16244, stack(0x000000146da00000,0x000000146db00000)]

Other Threads:
=>0x00000134da2e9000 VMThread [stack: 0x000000146e500000,0x000000146e600000] [id=4856]
  0x00000134dcd16000 WatcherThread [stack: 0x000000146f200000,0x000000146f300000] [id=7848]

VM state:at safepoint (normal execution)

VM Mutex/Monitor currently owned by a thread:  ([mutex/lock_event])
[0x00000134bf504d80] Threads_lock - owner thread: 0x00000134da2e9000

heap address: 0x00000006c2800000, size: 4056 MB, Compressed Oops mode: Zero based, Oop shift amount: 3
Narrow klass base: 0x0000000000000000, Narrow klass shift: 3
Compressed class space size: 1073741824 Address: 0x00000007c0000000

Heap:
 PSYoungGen      total 75776K, used 9118K [0x000000076b800000, 0x0000000770c80000, 0x00000007c0000000)
  eden space 65024K, 14% used [0x000000076b800000,0x000000076c0e7a70,0x000000076f780000)
  from space 10752K, 0% used [0x0000000770200000,0x0000000770200000,0x0000000770c80000)
  to   space 10752K, 0% used [0x000000076f780000,0x000000076f780000,0x0000000770200000)
 ParOldGen       total 173568K, used 0K [0x00000006c2800000, 0x00000006cd180000, 0x000000076b800000)
  object space 173568K, 0% used [0x00000006c2800000,0x00000006c2800000,0x00000006cd180000)
 Metaspace       used 5491K, capacity 5578K, committed 5760K, reserved 1056768K
  class space    used 604K, capacity 625K, committed 640K, reserved 1048576K

Card table byte_map: [0x00000134d0490000,0x00000134d0c80000] byte_map_base: 0x00000134cce7c000

Marking Bits: (ParMarkBitMap*) 0x000000006e926ff0
 Begin Bits: [0x00000134d11d0000, 0x00000134d5130000)
 End Bits:   [0x00000134d5130000, 0x00000134d9090000)

Polling page: 0x00000134bf790000

CodeCache: size=245760Kb used=1425Kb max_used=1425Kb free=244334Kb
 bounds [0x00000134c10d0000, 0x00000134c1340000, 0x00000134d00d0000]
 total_blobs=441 nmethods=148 adapters=214
 compilation: enabled

Compilation events (10 events):
Event: 2815.080 Thread 0x00000134dcbdd000  144       3       org.eclipse.jdt.launching.internal.org.objectweb.asm.Label::accept (65 bytes)
Event: 2815.081 Thread 0x00000134dcbdd000 nmethod 144 0x00000134c1231d90 code [0x00000134c1231f40, 0x00000134c12324d0]
Event: 2850.118 Thread 0x00000134dcbdd000  145       3       org.eclipse.jdt.launching.internal.org.objectweb.asm.SymbolTable::addConstantClass (8 bytes)
Event: 2850.118 Thread 0x00000134dcbdd000 nmethod 145 0x00000134c12326d0 code [0x00000134c1232840, 0x00000134c12329f0]
Event: 2850.118 Thread 0x00000134dcbdd000  146       3       org.eclipse.jdt.launching.internal.org.objectweb.asm.MethodWriter::visitVarInsn (302 bytes)
Event: 2850.119 Thread 0x00000134dcbdd000 nmethod 146 0x00000134c1232a90 code [0x00000134c1232ca0, 0x00000134c1233870]
Event: 2850.119 Thread 0x00000134dcbdd000  147       3       org.eclipse.jdt.launching.internal.org.objectweb.asm.ClassReader::readClass (7 bytes)
Event: 2850.120 Thread 0x00000134dcbdd000 nmethod 147 0x00000134c1233c10 code [0x00000134c1233dc0, 0x00000134c12342f0]
Event: 2850.120 Thread 0x00000134dcbdd000  148       3       org.eclipse.jdt.launching.internal.org.objectweb.asm.ClassReader::readStringish (16 bytes)
Event: 2850.120 Thread 0x00000134dcbdd000 nmethod 148 0x00000134c1234750 code [0x00000134c12348e0, 0x00000134c1234db0]

GC Heap History (0 events):
No events

Deoptimization events (0 events):
No events

Classes redefined (5 events):
Event: 2611.012 Thread 0x00000134da2e9000 redefined class name=com.surajit.test.MyMainClass, count=1
Event: 2660.110 Thread 0x00000134da2e9000 redefined class name=com.surajit.test.MyMainClass, count=2
Event: 2800.717 Thread 0x00000134da2e9000 redefined class name=com.surajit.test.MyMainClass, count=3
Event: 2815.080 Thread 0x00000134da2e9000 redefined class name=com.surajit.test.MyMainClass, count=4
Event: 2850.120 Thread 0x00000134da2e9000 redefined class name=com.surajit.test.MyMainClass, count=5

Internal exceptions (6 events):
Event: 0.030 Thread 0x00000134bf508800 Exception <a 'java/lang/NoSuchMethodError': Method sun.misc.Unsafe.defineClass(Ljava/lang/String;[BII)Ljava/lang/Class; name or signature does not match> (0x000000076b807cc0) thrown at [C:\jenkins\workspace\8-2-build-windows-amd64-cygwin\jdk8u281\880\hots
Event: 0.030 Thread 0x00000134bf508800 Exception <a 'java/lang/NoSuchMethodError': Method sun.misc.Unsafe.prefetchRead(Ljava/lang/Object;J)V name or signature does not match> (0x000000076b807fa8) thrown at [C:\jenkins\workspace\8-2-build-windows-amd64-cygwin\jdk8u281\880\hotspot\src\share\vm\p
Event: 6.884 Thread 0x00000134bf508800 Exception <a 'java/security/PrivilegedActionException'> (0x000000076bf8f3c8) thrown at [C:\jenkins\workspace\8-2-build-windows-amd64-cygwin\jdk8u281\880\hotspot\src\share\vm\prims\jvm.cpp, line 1512]
Event: 6.885 Thread 0x00000134bf508800 Exception <a 'java/security/PrivilegedActionException'> (0x000000076bf8f7c0) thrown at [C:\jenkins\workspace\8-2-build-windows-amd64-cygwin\jdk8u281\880\hotspot\src\share\vm\prims\jvm.cpp, line 1512]
Event: 6.894 Thread 0x00000134bf508800 Exception <a 'java/security/PrivilegedActionException'> (0x000000076bf93618) thrown at [C:\jenkins\workspace\8-2-build-windows-amd64-cygwin\jdk8u281\880\hotspot\src\share\vm\prims\jvm.cpp, line 1512]
Event: 6.895 Thread 0x00000134bf508800 Exception <a 'java/security/PrivilegedActionException'> (0x000000076bf93a10) thrown at [C:\jenkins\workspace\8-2-build-windows-amd64-cygwin\jdk8u281\880\hotspot\src\share\vm\prims\jvm.cpp, line 1512]

Events (10 events):
Event: 2850.122 Executing VM operation: ChangeBreakpoints done
Event: 2850.125 Executing VM operation: ChangeBreakpoints
Event: 2850.125 Executing VM operation: ChangeBreakpoints done
Event: 2850.128 Executing VM operation: ChangeBreakpoints
Event: 2850.128 Executing VM operation: ChangeBreakpoints done
Event: 2850.148 Executing VM operation: GetOwnedMonitorInfo
Event: 2850.148 Executing VM operation: GetOwnedMonitorInfo done
Event: 2850.148 Executing VM operation: GetCurrentContendedMonitor
Event: 2850.148 Executing VM operation: GetCurrentContendedMonitor done
Event: 2864.585 Executing VM operation: GetOrSetLocal


Dynamic libraries:
0x00007ff6dff10000 - 0x00007ff6dff57000 	C:\Program Files\Java\jre1.8.0_281\bin\javaw.exe
0x00007ffb325f0000 - 0x00007ffb327e6000 	C:\Windows\SYSTEM32\ntdll.dll
0x00007ffb309b0000 - 0x00007ffb30a6d000 	C:\Windows\System32\KERNEL32.DLL
0x00007ffb30380000 - 0x00007ffb30649000 	C:\Windows\System32\KERNELBASE.dll
0x00007ffb30b20000 - 0x00007ffb30bcc000 	C:\Windows\System32\ADVAPI32.dll
0x00007ffb307e0000 - 0x00007ffb3087e000 	C:\Windows\System32\msvcrt.dll
0x00007ffb30910000 - 0x00007ffb309ac000 	C:\Windows\System32\sechost.dll
0x00007ffb31ec0000 - 0x00007ffb31feb000 	C:\Windows\System32\RPCRT4.dll
0x00007ffb32410000 - 0x00007ffb325b0000 	C:\Windows\System32\USER32.dll
0x00007ffb301a0000 - 0x00007ffb301c2000 	C:\Windows\System32\win32u.dll
0x00007ffb30880000 - 0x00007ffb308aa000 	C:\Windows\System32\GDI32.dll
0x00007ffb2ff90000 - 0x00007ffb30099000 	C:\Windows\System32\gdi32full.dll
0x00007ffb300a0000 - 0x00007ffb3013d000 	C:\Windows\System32\msvcp_win.dll
0x00007ffb30280000 - 0x00007ffb30380000 	C:\Windows\System32\ucrtbase.dll
0x00007ffb14710000 - 0x00007ffb149ab000 	C:\Windows\WinSxS\amd64_microsoft.windows.common-controls_6595b64144ccf1df_6.0.19041.488_none_ca04af081b815d21\COMCTL32.dll
0x00007ffb316c0000 - 0x00007ffb316f0000 	C:\Windows\System32\IMM32.DLL
0x00007ffafee60000 - 0x00007ffafef0d000 	C:\Program Files\McAfee\Host Intrusion Prevention\HcApi.dll
0x00007ffb30140000 - 0x00007ffb301a0000 	C:\Windows\System32\WINTRUST.dll
0x00007ffb2fdb0000 - 0x00007ffb2ff0d000 	C:\Windows\System32\CRYPT32.dll
0x00007ffb2f920000 - 0x00007ffb2f932000 	C:\Windows\SYSTEM32\MSASN1.dll
0x0000000071f40000 - 0x0000000071f4c000 	C:\Program Files\McAfee\Host Intrusion Prevention\HcThe.dll
0x00007ffb2a990000 - 0x00007ffb2a9a5000 	C:\Program Files\Java\jre1.8.0_281\bin\vcruntime140.dll
0x00007ffb235a0000 - 0x00007ffb2363b000 	C:\Program Files\Java\jre1.8.0_281\bin\msvcp140.dll
0x000000006e140000 - 0x000000006e99f000 	C:\Program Files\Java\jre1.8.0_281\bin\server\jvm.dll
0x00007ffb32400000 - 0x00007ffb32408000 	C:\Windows\System32\PSAPI.DLL
0x00007ffb278d0000 - 0x00007ffb278da000 	C:\Windows\SYSTEM32\VERSION.dll
0x00007ffb208b0000 - 0x00007ffb208d7000 	C:\Windows\SYSTEM32\WINMM.dll
0x00007ffb159d0000 - 0x00007ffb159d9000 	C:\Windows\SYSTEM32\WSOCK32.dll
0x00007ffb31e40000 - 0x00007ffb31eab000 	C:\Windows\System32\WS2_32.dll
0x00007ffb2e5c0000 - 0x00007ffb2e5d2000 	C:\Windows\SYSTEM32\kernel.appcore.dll
0x00007ffb2a880000 - 0x00007ffb2a890000 	C:\Program Files\Java\jre1.8.0_281\bin\verify.dll
0x00007ffb234f0000 - 0x00007ffb2351b000 	C:\Program Files\Java\jre1.8.0_281\bin\java.dll
0x00007ffb23560000 - 0x00007ffb23596000 	C:\Program Files\Java\jre1.8.0_281\bin\jdwp.dll
0x00007ffb2a970000 - 0x00007ffb2a979000 	C:\Program Files\Java\jre1.8.0_281\bin\npt.dll
0x00007ffaf3190000 - 0x00007ffaf31c0000 	C:\Program Files\Java\jre1.8.0_281\bin\instrument.dll
0x00007ffb22190000 - 0x00007ffb221a8000 	C:\Program Files\Java\jre1.8.0_281\bin\zip.dll
0x00007ffb316f0000 - 0x00007ffb31e32000 	C:\Windows\System32\SHELL32.dll
0x00007ffb2de10000 - 0x00007ffb2e5a5000 	C:\Windows\SYSTEM32\windows.storage.dll
0x00007ffb31ff0000 - 0x00007ffb32346000 	C:\Windows\System32\combase.dll
0x00007ffb2f7a0000 - 0x00007ffb2f7cc000 	C:\Windows\SYSTEM32\Wldp.dll
0x00007ffb30a70000 - 0x00007ffb30b1e000 	C:\Windows\System32\SHCORE.dll
0x00007ffb30e50000 - 0x00007ffb30ea5000 	C:\Windows\System32\shlwapi.dll
0x00007ffb2fc60000 - 0x00007ffb2fc86000 	C:\Windows\SYSTEM32\profapi.dll
0x00007ffb2a710000 - 0x00007ffb2a71a000 	C:\Program Files\Java\jre1.8.0_281\bin\dt_socket.dll
0x00007ffb19f80000 - 0x00007ffb19f97000 	C:\Windows\system32\napinsp.dll
0x00007ffb19f60000 - 0x00007ffb19f7b000 	C:\Windows\system32\pnrpnsp.dll
0x00007ffb2b640000 - 0x00007ffb2b655000 	C:\Windows\system32\wshbth.dll
0x00007ffb2c300000 - 0x00007ffb2c31d000 	C:\Windows\system32\NLAapi.dll
0x00007ffb2f1c0000 - 0x00007ffb2f1fb000 	C:\Windows\SYSTEM32\IPHLPAPI.DLL
0x00007ffb2f520000 - 0x00007ffb2f58a000 	C:\Windows\System32\mswsock.dll
0x00007ffb2f200000 - 0x00007ffb2f2cb000 	C:\Windows\SYSTEM32\DNSAPI.dll
0x00007ffb31eb0000 - 0x00007ffb31eb8000 	C:\Windows\System32\NSI.dll
0x00007ffb19fa0000 - 0x00007ffb19fb2000 	C:\Windows\System32\winrnr.dll
0x00007ffb2b580000 - 0x00007ffb2b5ff000 	C:\Windows\System32\fwpuclnt.dll
0x00007ffb2ff60000 - 0x00007ffb2ff87000 	C:\Windows\System32\bcrypt.dll
0x00007ffb26f10000 - 0x00007ffb26f1a000 	C:\Windows\System32\rasadhlp.dll
0x00007ffb2d9e0000 - 0x00007ffb2dbc4000 	C:\Windows\SYSTEM32\dbghelp.dll
0x00007ffb2fd30000 - 0x00007ffb2fdb0000 	C:\Windows\System32\bcryptPrimitives.dll

VM Arguments:
jvm_args: -agentlib:jdwp=transport=dt_socket,suspend=y,address=localhost:64493 -javaagent:C:\Softwares\eclipse-java-2019-03-R-win32-x86_64\eclipse\configuration\org.eclipse.osgi\224\0\.cp\lib\javaagent-shaded.jar -Dfile.encoding=Cp1252 
java_command: com.surajit.test.MyMainClass
java_class_path (initial): C:\Users\sde\eclipse-workspace\Surajit_input\bin;C:\Softwares\eclipse-java-2019-03-R-win32-x86_64\eclipse\configuration\org.eclipse.osgi\224\0\.cp\lib\javaagent-shaded.jar
Launcher Type: SUN_STANDARD

Environment Variables:
PATH=C:/Program Files/Java/jre1.8.0_281/bin/server;C:/Program Files/Java/jre1.8.0_281/bin;C:/Program Files/Java/jre1.8.0_281/lib/amd64;C:\Program Files (x86)\Common Files\Oracle\Java\javapath;C:\Python39\Scripts\;C:\Python39\;C:\Windows\system32;C:\Windows;C:\Windows\System32\Wbem;C:\Windows\System32\WindowsPowerShell\v1.0\;C:\Windows\System32\OpenSSH\;C:\Program Files (x86)\NVIDIA Corporation\PhysX\Common;C:\Program Files\NVIDIA Corporation\NVIDIA NvDLISR;C:\ProgramData\chocolatey\bin;C:\Program Files\nodejs\;C:\Program Files\Microsoft VS Code\bin;C:\Users\sde\.windows-build-tools\python27\;C:\Users\sde\AppData\Local\Microsoft\WindowsApps;C:\Users\sde\AppData\Roaming\npm;C:\Softwares\eclipse-java-2019-03-R-win32-x86_64\eclipse;
USERNAME=sde
OS=Windows_NT
PROCESSOR_IDENTIFIER=Intel64 Family 6 Model 165 Stepping 2, GenuineIntel



---------------  S Y S T E M  ---------------

OS: Windows 10.0 , 64 bit Build 19041 (10.0.19041.662)

CPU:total 12 (initial active 12) (6 cores per cpu, 2 threads per core) family 6 model 165 stepping 2, cmov, cx8, fxsr, mmx, sse, sse2, sse3, ssse3, sse4.1, sse4.2, popcnt, avx, avx2, aes, clmul, erms, 3dnowpref, lzcnt, ht, tsc, tscinvbit, bmi1, bmi2, adx

Memory: 4k page, physical 16610204k(9407408k free), swap 19100572k(9224552k free)

vm_info: Java HotSpot(TM) 64-Bit Server VM (25.281-b09) for windows-amd64 JRE (1.8.0_281-b09), built on Dec  9 2020 13:54:07 by "" with MS VC++ 15.9 (VS2017)

time: Tue Feb  2 22:03:00 2021
timezone: India Standard Time
elapsed time: 2864.642977 seconds (0d 0h 47m 44s)

