#
# A fatal error has been detected by the Java Runtime Environment:
#
#  EXCEPTION_ACCESS_VIOLATION (0xc0000005) at pc=0x000000006e36e276, pid=6628, tid=0x0000000000003550
#
# JRE version: Java(TM) SE Runtime Environment (8.0_281-b09) (build 1.8.0_281-b09)
# Java VM: Java HotSpot(TM) 64-Bit Server VM (25.281-b09 mixed mode windows-amd64 compressed oops)
# Problematic frame:
# V  [jvm.dll+0x22e276]
#
# Failed to write core dump. Minidumps are not enabled by default on client versions of Windows
#
# If you would like to submit a bug report, please visit:
#   http://bugreport.java.com/bugreport/crash.jsp
#

---------------  T H R E A D  ---------------

Current thread (0x000002a406497800):  JavaThread "main" [_thread_in_vm, id=13648, stack(0x000000ef62c00000,0x000000ef62d00000)]

siginfo: ExceptionCode=0xc0000005, reading address 0x0000000000000008

Registers:
RAX=0x0000000000000000, RBX=0x000000ef62cfeea0, RCX=0x0000000000000000, RDX=0x0000000000000028
RSP=0x000000ef62cfebe0, RBP=0x000000ef62cfefe0, RSI=0x000002a420b5f748, RDI=0x000002a406497800
R8 =0x000002a416f20000, R9 =0x000002a407f20000, R10=0x000002a406485d50, R11=0x000002a420b5f748
R12=0x0000000000000000, R13=0x000002a406498070, R14=0x0000000000000000, R15=0x000002a40648f660
RIP=0x000000006e36e276, EFLAGS=0x0000000000010206

Top of Stack: (sp=0x000000ef62cfebe0)
0x000000ef62cfebe0:   000002a4207240a8 000002a406497800
0x000000ef62cfebf0:   000002a406497800 000000ef62cff0e8
0x000000ef62cfec00:   000000ef62cff080 0000000000000000
0x000000ef62cfec10:   000002a4207240a8 000000006e3681dd
0x000000ef62cfec20:   000002a406497800 000002a406497800
0x000000ef62cfec30:   0000000000000000 000000ef62cfef20
0x000000ef62cfec40:   000002a406497800 000000006e36ef22
0x000000ef62cfec50:   000002a4207240a8 000002a406497800
0x000000ef62cfec60:   000000076bfd0320 000002a407f66226
0x000000ef62cfec70:   000002a4207240a8 0000000000000000
0x000000ef62cfec80:   0000000000000000 000000ef62cfef20
0x000000ef62cfec90:   000000000020027f 0000000007f3f8ae
0x000000ef62cfeca0:   0000000000000000 0000ffff00001fa0
0x000000ef62cfecb0:   0000000000000000 0000000000000000
0x000000ef62cfecc0:   0000000000000000 0000000000000000
0x000000ef62cfecd0:   0000000000000000 0000000000000000 

Instructions: (pc=0x000000006e36e276)
0x000000006e36e256:   01 00 00 48 8b 05 f8 9e 56 00 48 33 c4 48 89 84
0x000000006e36e266:   24 30 01 00 00 48 8b d9 48 63 49 10 48 8b 43 08
0x000000006e36e276:   38 54 08 08 74 33 44 0f be c2 48 8d 4c 24 20 48
0x000000006e36e286:   8d 15 84 72 3b 00 e8 1f d0 df ff ba 36 00 00 00 


Register to memory mapping:

RAX=0x0000000000000000 is an unknown value
RBX=0x000000ef62cfeea0 is pointing into the stack for thread: 0x000002a406497800
RCX=0x0000000000000000 is an unknown value
RDX=0x0000000000000028 is an unknown value
RSP=0x000000ef62cfebe0 is pointing into the stack for thread: 0x000002a406497800
RBP=0x000000ef62cfefe0 is pointing into the stack for thread: 0x000002a406497800
RSI={method} {0x000002a420b5f750} 'main' '([Ljava/lang/String;)V' in 'com/surajit/test/MyMainClass'
RDI=0x000002a406497800 is a thread
R8 =0x000002a416f20000 is an unknown value
R9 =0x000002a407f20000 is an unknown value
R10=0x000002a406485d50 is an unknown value
R11={method} {0x000002a420b5f750} 'main' '([Ljava/lang/String;)V' in 'com/surajit/test/MyMainClass'
R12=0x0000000000000000 is an unknown value
R13=0x000002a406498070 is an unknown value
R14=0x0000000000000000 is an unknown value
R15=0x000002a40648f660 is an unknown value


Stack: [0x000000ef62c00000,0x000000ef62d00000],  sp=0x000000ef62cfebe0,  free space=1018k
Native frames: (J=compiled Java code, j=interpreted, Vv=VM code, C=native code)
V  [jvm.dll+0x22e276]
V  [jvm.dll+0x22e69d]
V  [jvm.dll+0x2047b0]
V  [jvm.dll+0xc3a1b]
C  0x000002a407f5919c

Java frames: (J=compiled Java code, j=interpreted, Vv=VM code)
j  com.surajit.test.MyMainClass.main([Ljava/lang/String;)V+169
v  ~StubRoutines::call_stub

---------------  P R O C E S S  ---------------

Java Threads: ( => current thread )
  0x000002a423b0c800 JavaThread "Service Thread" daemon [_thread_blocked, id=10892, stack(0x000000ef64300000,0x000000ef64400000)]
  0x000002a423a61000 JavaThread "C1 CompilerThread3" daemon [_thread_blocked, id=18136, stack(0x000000ef64200000,0x000000ef64300000)]
  0x000002a423a5e000 JavaThread "C2 CompilerThread2" daemon [_thread_blocked, id=14808, stack(0x000000ef64100000,0x000000ef64200000)]
  0x000002a423a5a800 JavaThread "C2 CompilerThread1" daemon [_thread_blocked, id=20368, stack(0x000000ef64000000,0x000000ef64100000)]
  0x000002a423a59800 JavaThread "C2 CompilerThread0" daemon [_thread_blocked, id=5992, stack(0x000000ef63f00000,0x000000ef64000000)]
  0x000002a42120d800 JavaThread "JDWP Command Reader" daemon [_thread_in_native, id=8008, stack(0x000000ef63e00000,0x000000ef63f00000)]
  0x000002a42120a800 JavaThread "JDWP Event Helper Thread" daemon [_thread_blocked, id=19800, stack(0x000000ef63d00000,0x000000ef63e00000)]
  0x000002a421207800 JavaThread "JDWP Transport Listener: dt_socket" daemon [_thread_blocked, id=17080, stack(0x000000ef63c00000,0x000000ef63d00000)]
  0x000002a4211d9000 JavaThread "Attach Listener" daemon [_thread_blocked, id=19936, stack(0x000000ef63b00000,0x000000ef63c00000)]
  0x000002a4211d8000 JavaThread "Signal Dispatcher" daemon [_thread_blocked, id=7852, stack(0x000000ef63a00000,0x000000ef63b00000)]
  0x000002a4211b9000 JavaThread "Finalizer" daemon [_thread_blocked, id=12084, stack(0x000000ef63900000,0x000000ef63a00000)]
  0x000002a421192000 JavaThread "Reference Handler" daemon [_thread_blocked, id=18740, stack(0x000000ef63800000,0x000000ef63900000)]
=>0x000002a406497800 JavaThread "main" [_thread_in_vm, id=13648, stack(0x000000ef62c00000,0x000000ef62d00000)]

Other Threads:
  0x000002a421189000 VMThread [stack: 0x000000ef63700000,0x000000ef63800000] [id=10772]
  0x000002a423a45800 WatcherThread [stack: 0x000000ef64400000,0x000000ef64500000] [id=13488]

VM state:not at safepoint (normal execution)

VM Mutex/Monitor currently owned by a thread: None

heap address: 0x00000006c2800000, size: 4056 MB, Compressed Oops mode: Zero based, Oop shift amount: 3
Narrow klass base: 0x0000000000000000, Narrow klass shift: 3
Compressed class space size: 1073741824 Address: 0x00000007c0000000

Heap:
 PSYoungGen      total 75776K, used 9120K [0x000000076b800000, 0x0000000770c80000, 0x00000007c0000000)
  eden space 65024K, 14% used [0x000000076b800000,0x000000076c0e8000,0x000000076f780000)
  from space 10752K, 0% used [0x0000000770200000,0x0000000770200000,0x0000000770c80000)
  to   space 10752K, 0% used [0x000000076f780000,0x000000076f780000,0x0000000770200000)
 ParOldGen       total 173568K, used 0K [0x00000006c2800000, 0x00000006cd180000, 0x000000076b800000)
  object space 173568K, 0% used [0x00000006c2800000,0x00000006c2800000,0x00000006cd180000)
 Metaspace       used 5462K, capacity 5578K, committed 5760K, reserved 1056768K
  class space    used 603K, capacity 625K, committed 640K, reserved 1048576K

Card table byte_map: [0x000002a4172e0000,0x000002a417ad0000] byte_map_base: 0x000002a413ccc000

Marking Bits: (ParMarkBitMap*) 0x000000006e926ff0
 Begin Bits: [0x000002a418020000, 0x000002a41bf80000)
 End Bits:   [0x000002a41bf80000, 0x000002a41fee0000)

Polling page: 0x000002a407ec0000

CodeCache: size=245760Kb used=1390Kb max_used=1390Kb free=244369Kb
 bounds [0x000002a407f20000, 0x000002a408190000, 0x000002a416f20000]
 total_blobs=428 nmethods=135 adapters=214
 compilation: enabled

Compilation events (10 events):
Event: 911.425 Thread 0x000002a423a61000  131       3       org.eclipse.jdt.launching.internal.org.objectweb.asm.ClassReader::createDebugLabel (23 bytes)
Event: 911.426 Thread 0x000002a423a61000 nmethod 131 0x000002a408077790 code [0x000002a408077920, 0x000002a408077e18]
Event: 911.426 Thread 0x000002a423a61000  134       3       org.eclipse.jdt.launching.internal.org.objectweb.asm.ClassReader::readUtf (161 bytes)
Event: 911.426 Thread 0x000002a423a61000 nmethod 134 0x000002a408076cd0 code [0x000002a408076e60, 0x000002a408077330]
Event: 911.426 Thread 0x000002a423a61000  132       3       org.eclipse.jdt.launching.internal.org.objectweb.asm.ByteVector::putUTF8 (144 bytes)
Event: 911.427 Thread 0x000002a423a61000 nmethod 132 0x000002a40807a390 code [0x000002a40807a580, 0x000002a40807ae40]
Event: 911.427 Thread 0x000002a423a61000  133       3       org.eclipse.jdt.launching.internal.org.objectweb.asm.SymbolTable::addConstantUtf8 (98 bytes)
Event: 911.427 Thread 0x000002a423a61000 nmethod 133 0x000002a40807b390 code [0x000002a40807b580, 0x000002a40807bd80]
Event: 911.427 Thread 0x000002a423a61000  135       3       org.eclipse.jdt.launching.internal.org.objectweb.asm.MethodWriter::visitInsn (115 bytes)
Event: 911.427 Thread 0x000002a423a61000 nmethod 135 0x000002a40807c1d0 code [0x000002a40807c380, 0x000002a40807c870]

GC Heap History (0 events):
No events

Deoptimization events (0 events):
No events

Classes redefined (2 events):
Event: 107.243 Thread 0x000002a421189000 redefined class name=com.surajit.test.MyMainClass, count=1
Event: 911.427 Thread 0x000002a421189000 redefined class name=com.surajit.test.MyMainClass, count=2

Internal exceptions (6 events):
Event: 0.028 Thread 0x000002a406497800 Exception <a 'java/lang/NoSuchMethodError': Method sun.misc.Unsafe.defineClass(Ljava/lang/String;[BII)Ljava/lang/Class; name or signature does not match> (0x000000076b807cc0) thrown at [C:\jenkins\workspace\8-2-build-windows-amd64-cygwin\jdk8u281\880\hots
Event: 0.028 Thread 0x000002a406497800 Exception <a 'java/lang/NoSuchMethodError': Method sun.misc.Unsafe.prefetchRead(Ljava/lang/Object;J)V name or signature does not match> (0x000000076b807fa8) thrown at [C:\jenkins\workspace\8-2-build-windows-amd64-cygwin\jdk8u281\880\hotspot\src\share\vm\p
Event: 7.785 Thread 0x000002a406497800 Exception <a 'java/security/PrivilegedActionException'> (0x000000076bf8f270) thrown at [C:\jenkins\workspace\8-2-build-windows-amd64-cygwin\jdk8u281\880\hotspot\src\share\vm\prims\jvm.cpp, line 1512]
Event: 7.785 Thread 0x000002a406497800 Exception <a 'java/security/PrivilegedActionException'> (0x000000076bf8f668) thrown at [C:\jenkins\workspace\8-2-build-windows-amd64-cygwin\jdk8u281\880\hotspot\src\share\vm\prims\jvm.cpp, line 1512]
Event: 7.794 Thread 0x000002a406497800 Exception <a 'java/security/PrivilegedActionException'> (0x000000076bf934c0) thrown at [C:\jenkins\workspace\8-2-build-windows-amd64-cygwin\jdk8u281\880\hotspot\src\share\vm\prims\jvm.cpp, line 1512]
Event: 7.795 Thread 0x000002a406497800 Exception <a 'java/security/PrivilegedActionException'> (0x000000076bf938b8) thrown at [C:\jenkins\workspace\8-2-build-windows-amd64-cygwin\jdk8u281\880\hotspot\src\share\vm\prims\jvm.cpp, line 1512]

Events (10 events):
Event: 911.451 Executing VM operation: GetCurrentContendedMonitor
Event: 911.451 Executing VM operation: GetCurrentContendedMonitor done
Event: 919.204 Executing VM operation: GetCurrentContendedMonitor
Event: 919.204 Executing VM operation: GetCurrentContendedMonitor done
Event: 919.204 Executing VM operation: GetOwnedMonitorInfo
Event: 919.204 Executing VM operation: GetOwnedMonitorInfo done
Event: 919.712 Executing VM operation: GetCurrentContendedMonitor
Event: 919.712 Executing VM operation: GetCurrentContendedMonitor done
Event: 919.712 Executing VM operation: GetOwnedMonitorInfo
Event: 919.712 Executing VM operation: GetOwnedMonitorInfo done


Dynamic libraries:
0x00007ff6dff10000 - 0x00007ff6dff57000 	C:\Program Files\Java\jre1.8.0_281\bin\javaw.exe
0x00007ffb325f0000 - 0x00007ffb327e6000 	C:\Windows\SYSTEM32\ntdll.dll
0x00007ffb309b0000 - 0x00007ffb30a6d000 	C:\Windows\System32\KERNEL32.DLL
0x00007ffb30380000 - 0x00007ffb30649000 	C:\Windows\System32\KERNELBASE.dll
0x00007ffb30b20000 - 0x00007ffb30bcc000 	C:\Windows\System32\ADVAPI32.dll
0x00007ffb307e0000 - 0x00007ffb3087e000 	C:\Windows\System32\msvcrt.dll
0x00007ffb30910000 - 0x00007ffb309ac000 	C:\Windows\System32\sechost.dll
0x00007ffb31ec0000 - 0x00007ffb31feb000 	C:\Windows\System32\RPCRT4.dll
0x00007ffb32410000 - 0x00007ffb325b0000 	C:\Windows\System32\USER32.dll
0x00007ffb301a0000 - 0x00007ffb301c2000 	C:\Windows\System32\win32u.dll
0x00007ffb30880000 - 0x00007ffb308aa000 	C:\Windows\System32\GDI32.dll
0x00007ffb2ff90000 - 0x00007ffb30099000 	C:\Windows\System32\gdi32full.dll
0x00007ffb300a0000 - 0x00007ffb3013d000 	C:\Windows\System32\msvcp_win.dll
0x00007ffb30280000 - 0x00007ffb30380000 	C:\Windows\System32\ucrtbase.dll
0x00007ffb14710000 - 0x00007ffb149ab000 	C:\Windows\WinSxS\amd64_microsoft.windows.common-controls_6595b64144ccf1df_6.0.19041.488_none_ca04af081b815d21\COMCTL32.dll
0x00007ffb316c0000 - 0x00007ffb316f0000 	C:\Windows\System32\IMM32.DLL
0x00007ffafee60000 - 0x00007ffafef0d000 	C:\Program Files\McAfee\Host Intrusion Prevention\HcApi.dll
0x00007ffb30140000 - 0x00007ffb301a0000 	C:\Windows\System32\WINTRUST.dll
0x00007ffb2fdb0000 - 0x00007ffb2ff0d000 	C:\Windows\System32\CRYPT32.dll
0x00007ffb2f920000 - 0x00007ffb2f932000 	C:\Windows\SYSTEM32\MSASN1.dll
0x0000000071f40000 - 0x0000000071f4c000 	C:\Program Files\McAfee\Host Intrusion Prevention\HcThe.dll
0x00007ffb2a990000 - 0x00007ffb2a9a5000 	C:\Program Files\Java\jre1.8.0_281\bin\vcruntime140.dll
0x00007ffb235a0000 - 0x00007ffb2363b000 	C:\Program Files\Java\jre1.8.0_281\bin\msvcp140.dll
0x000000006e140000 - 0x000000006e99f000 	C:\Program Files\Java\jre1.8.0_281\bin\server\jvm.dll
0x00007ffb32400000 - 0x00007ffb32408000 	C:\Windows\System32\PSAPI.DLL
0x00007ffb208b0000 - 0x00007ffb208d7000 	C:\Windows\SYSTEM32\WINMM.dll
0x00007ffb278d0000 - 0x00007ffb278da000 	C:\Windows\SYSTEM32\VERSION.dll
0x00007ffb159d0000 - 0x00007ffb159d9000 	C:\Windows\SYSTEM32\WSOCK32.dll
0x00007ffb31e40000 - 0x00007ffb31eab000 	C:\Windows\System32\WS2_32.dll
0x00007ffb2e5c0000 - 0x00007ffb2e5d2000 	C:\Windows\SYSTEM32\kernel.appcore.dll
0x00007ffb2a880000 - 0x00007ffb2a890000 	C:\Program Files\Java\jre1.8.0_281\bin\verify.dll
0x00007ffb234f0000 - 0x00007ffb2351b000 	C:\Program Files\Java\jre1.8.0_281\bin\java.dll
0x00007ffb23560000 - 0x00007ffb23596000 	C:\Program Files\Java\jre1.8.0_281\bin\jdwp.dll
0x00007ffb2a970000 - 0x00007ffb2a979000 	C:\Program Files\Java\jre1.8.0_281\bin\npt.dll
0x00007ffaf3190000 - 0x00007ffaf31c0000 	C:\Program Files\Java\jre1.8.0_281\bin\instrument.dll
0x00007ffb22190000 - 0x00007ffb221a8000 	C:\Program Files\Java\jre1.8.0_281\bin\zip.dll
0x00007ffb316f0000 - 0x00007ffb31e32000 	C:\Windows\System32\SHELL32.dll
0x00007ffb2de10000 - 0x00007ffb2e5a5000 	C:\Windows\SYSTEM32\windows.storage.dll
0x00007ffb31ff0000 - 0x00007ffb32346000 	C:\Windows\System32\combase.dll
0x00007ffb2f7a0000 - 0x00007ffb2f7cc000 	C:\Windows\SYSTEM32\Wldp.dll
0x00007ffb30a70000 - 0x00007ffb30b1e000 	C:\Windows\System32\SHCORE.dll
0x00007ffb30e50000 - 0x00007ffb30ea5000 	C:\Windows\System32\shlwapi.dll
0x00007ffb2fc60000 - 0x00007ffb2fc86000 	C:\Windows\SYSTEM32\profapi.dll
0x00007ffb2a710000 - 0x00007ffb2a71a000 	C:\Program Files\Java\jre1.8.0_281\bin\dt_socket.dll
0x00007ffb19f80000 - 0x00007ffb19f97000 	C:\Windows\system32\napinsp.dll
0x00007ffb19f60000 - 0x00007ffb19f7b000 	C:\Windows\system32\pnrpnsp.dll
0x00007ffb2b640000 - 0x00007ffb2b655000 	C:\Windows\system32\wshbth.dll
0x00007ffb2c300000 - 0x00007ffb2c31d000 	C:\Windows\system32\NLAapi.dll
0x00007ffb2f1c0000 - 0x00007ffb2f1fb000 	C:\Windows\SYSTEM32\IPHLPAPI.DLL
0x00007ffb2f520000 - 0x00007ffb2f58a000 	C:\Windows\System32\mswsock.dll
0x00007ffb2f200000 - 0x00007ffb2f2cb000 	C:\Windows\SYSTEM32\DNSAPI.dll
0x00007ffb31eb0000 - 0x00007ffb31eb8000 	C:\Windows\System32\NSI.dll
0x00007ffb19fa0000 - 0x00007ffb19fb2000 	C:\Windows\System32\winrnr.dll
0x00007ffb2b580000 - 0x00007ffb2b5ff000 	C:\Windows\System32\fwpuclnt.dll
0x00007ffb2ff60000 - 0x00007ffb2ff87000 	C:\Windows\System32\bcrypt.dll
0x00007ffb26f10000 - 0x00007ffb26f1a000 	C:\Windows\System32\rasadhlp.dll
0x00007ffb2d9e0000 - 0x00007ffb2dbc4000 	C:\Windows\SYSTEM32\dbghelp.dll
0x00007ffb2fd30000 - 0x00007ffb2fdb0000 	C:\Windows\System32\bcryptPrimitives.dll

VM Arguments:
jvm_args: -agentlib:jdwp=transport=dt_socket,suspend=y,address=localhost:64431 -javaagent:C:\Softwares\eclipse-java-2019-03-R-win32-x86_64\eclipse\configuration\org.eclipse.osgi\224\0\.cp\lib\javaagent-shaded.jar -Dfile.encoding=Cp1252 
java_command: com.surajit.test.MyMainClass
java_class_path (initial): C:\Users\sde\eclipse-workspace\Surajit_input\bin;C:\Softwares\eclipse-java-2019-03-R-win32-x86_64\eclipse\configuration\org.eclipse.osgi\224\0\.cp\lib\javaagent-shaded.jar
Launcher Type: SUN_STANDARD

Environment Variables:
PATH=C:/Program Files/Java/jre1.8.0_281/bin/server;C:/Program Files/Java/jre1.8.0_281/bin;C:/Program Files/Java/jre1.8.0_281/lib/amd64;C:\Program Files (x86)\Common Files\Oracle\Java\javapath;C:\Python39\Scripts\;C:\Python39\;C:\Windows\system32;C:\Windows;C:\Windows\System32\Wbem;C:\Windows\System32\WindowsPowerShell\v1.0\;C:\Windows\System32\OpenSSH\;C:\Program Files (x86)\NVIDIA Corporation\PhysX\Common;C:\Program Files\NVIDIA Corporation\NVIDIA NvDLISR;C:\ProgramData\chocolatey\bin;C:\Program Files\nodejs\;C:\Program Files\Microsoft VS Code\bin;C:\Users\sde\.windows-build-tools\python27\;C:\Users\sde\AppData\Local\Microsoft\WindowsApps;C:\Users\sde\AppData\Roaming\npm;C:\Softwares\eclipse-java-2019-03-R-win32-x86_64\eclipse;
USERNAME=sde
OS=Windows_NT
PROCESSOR_IDENTIFIER=Intel64 Family 6 Model 165 Stepping 2, GenuineIntel



---------------  S Y S T E M  ---------------

OS: Windows 10.0 , 64 bit Build 19041 (10.0.19041.662)

CPU:total 12 (initial active 12) (6 cores per cpu, 2 threads per core) family 6 model 165 stepping 2, cmov, cx8, fxsr, mmx, sse, sse2, sse3, ssse3, sse4.1, sse4.2, popcnt, avx, avx2, aes, clmul, erms, 3dnowpref, lzcnt, ht, tsc, tscinvbit, bmi1, bmi2, adx

Memory: 4k page, physical 16610204k(9405380k free), swap 19100572k(9258356k free)

vm_info: Java HotSpot(TM) 64-Bit Server VM (25.281-b09) for windows-amd64 JRE (1.8.0_281-b09), built on Dec  9 2020 13:54:07 by "" with MS VC++ 15.9 (VS2017)

time: Tue Feb  2 21:15:00 2021
timezone: India Standard Time
elapsed time: 923.848013 seconds (0d 0h 15m 23s)

